<?xml version="1.0" encoding="UTF-8"?>
<TestRun id="45270b8f-4f0a-4b2d-aca5-a7d9d71af2af" name="dabed@MIC5925 2010-06-15 09:46:02" runUser="RUSSELL\dabed" xmlns="http://microsoft.com/schemas/VisualStudio/TeamTest/2006">
  <TestRunConfiguration name="Default Run Configuration" id="032a6f25-8709-4656-a7cd-22e302718d38">
    <Deployment runDeploymentRoot="D:\perso\PortableGit-1.7.0.2\MatozDz\TestResults\dabed_MIC5925 2010-06-15 09_46_02">
      <DeploymentItem filename="D:\perso\PortableGit-1.7.0.2\MatozDz\MatozDz\bin\MatozDz.dll" />
      <DeploymentItem filename="D:\perso\PortableGit-1.7.0.2\MatozDz\MatozDz.Tests\Lib\Moq.dll" />
    </Deployment>
    <Hosts skipUnhostableTests="false" />
    <TestTypeSpecific />
  </TestRunConfiguration>
  <ResultSummary outcome="Completed">
    <Counters total="1" executed="1" passed="1" error="0" failed="0" timeout="0" aborted="0" inconclusive="0" passedButRunAborted="0" notRunnable="0" notExecuted="0" disconnected="0" warning="0" completed="0" inProgress="0" pending="0" />
  </ResultSummary>
  <Times creation="2010-06-15T09:46:02.3686438-04:00" queuing="2010-06-15T09:46:03.3068158-04:00" start="2010-06-15T09:46:03.4475416-04:00" finish="2010-06-15T09:46:04.8704358-04:00" />
  <TestDefinitions>
    <UnitTest name="Detail_Can_Handle_invalid_value" storage="d:\perso\portablegit-1.7.0.2\matozdz\matozdz.tests\bin\debug\matozdz.tests.dll" id="0eae54b2-9f54-aa5c-b20b-9a781f2d57d7">
      <Css projectStructure="" iteration="" />
      <Owners>
        <Owner name="" />
      </Owners>
      <Execution id="cae5a3e0-bac5-4873-b372-6e3439902657" />
      <TestMethod codeBase="D:\perso\PortableGit-1.7.0.2\MatozDz\MatozDz.Tests\bin\Debug\MatozDz.Tests.dll" adapterTypeName="Microsoft.VisualStudio.TestTools.TestTypes.Unit.UnitTestAdapter, Microsoft.VisualStudio.QualityTools.Tips.UnitTest.Adapter, Version=9.0.0.0, Culture=neutral, PublicKeyToken=b03f5f7f11d50a3a" className="MatozDz.Tests.Controllers.MagasinsControllerTest, MatozDz.Tests" name="Detail_Can_Handle_invalid_value" />
    </UnitTest>
  </TestDefinitions>
  <TestLists>
    <TestList name="Results Not in a List" id="8c84fa94-04c1-424b-9868-57a2d4851a1d" />
    <TestList name="All Loaded Results" id="19431567-8539-422a-85d7-44ee4e166bda" />
  </TestLists>
  <TestEntries>
    <TestEntry testId="0eae54b2-9f54-aa5c-b20b-9a781f2d57d7" executionId="cae5a3e0-bac5-4873-b372-6e3439902657" testListId="8c84fa94-04c1-424b-9868-57a2d4851a1d" />
  </TestEntries>
  <Results>
    <UnitTestResult executionId="cae5a3e0-bac5-4873-b372-6e3439902657" testId="0eae54b2-9f54-aa5c-b20b-9a781f2d57d7" testName="Detail_Can_Handle_invalid_value" computerName="MIC5925" duration="00:00:00.8023454" startTime="2010-06-15T09:46:03.4631778-04:00" endTime="2010-06-15T09:46:04.8391634-04:00" testType="13cdc9d9-ddb5-4fa4-a97d-d965ccfc6d4b" outcome="Passed" testListId="8c84fa94-04c1-424b-9868-57a2d4851a1d">
      <Output>
      </Output>
    </UnitTestResult>
  </Results>
</TestRun>