<?xml version="1.0" encoding="UTF-8"?>
<TestRun id="66fb8e19-c381-4888-9156-1c79bb41eb1c" name="dabed@MIC5925 2010-06-17 09:13:18" runUser="RUSSELL\dabed" xmlns="http://microsoft.com/schemas/VisualStudio/TeamTest/2006">
  <TestRunConfiguration name="Default Run Configuration" id="c67f24f3-04c3-4afa-aece-9ca52085c22c">
    <Deployment userDeploymentRoot="D:\perso\PortableGit-1.7.0.2\MatozDz\TestResults" useDefaultDeploymentRoot="false" runDeploymentRoot="D:\perso\PortableGit-1.7.0.2\MatozDz\TestResults\dabed_MIC5925 2010-06-17 09_13_18">
      <DeploymentItem filename="D:\perso\PortableGit-1.7.0.2\MatozDz\MatozDz\bin\MatozDz.dll" />
      <DeploymentItem filename="D:\perso\PortableGit-1.7.0.2\MatozDz\MatozDz.Tests\Lib\Moq.dll" />
    </Deployment>
    <Hosts skipUnhostableTests="false" />
    <TestTypeSpecific />
  </TestRunConfiguration>
  <ResultSummary outcome="Failed">
    <Counters total="1" executed="1" error="0" failed="1" timeout="0" aborted="0" inconclusive="0" passedButRunAborted="0" notRunnable="0" notExecuted="0" disconnected="0" warning="0" passed="0" completed="0" inProgress="0" pending="0" />
  </ResultSummary>
  <Times creation="2010-06-17T09:13:18.6863228-04:00" queuing="2010-06-17T09:13:19.8121508-04:00" start="2010-06-17T09:13:19.9372428-04:00" finish="2010-06-17T09:13:55.7291913-04:00" />
  <TestDefinitions>
    <UnitTest name="Index" storage="d:\perso\portablegit-1.7.0.2\matozdz\matozdz.tests\bin\debug\matozdz.tests.dll" id="e7202eda-495c-ff8f-d6f4-17bfc9646df5">
      <Css projectStructure="" iteration="" />
      <Owners>
        <Owner name="" />
      </Owners>
      <Execution id="5f77278a-e247-45c0-859c-298c03407c9e" />
      <TestMethod codeBase="D:\perso\PortableGit-1.7.0.2\MatozDz\MatozDz.Tests\bin\Debug\MatozDz.Tests.dll" adapterTypeName="Microsoft.VisualStudio.TestTools.TestTypes.Unit.UnitTestAdapter, Microsoft.VisualStudio.QualityTools.Tips.UnitTest.Adapter, Version=9.0.0.0, Culture=neutral, PublicKeyToken=b03f5f7f11d50a3a" className="MatozDz.Tests.Controllers.MagasinsControllerTest, MatozDz.Tests" name="Index" />
    </UnitTest>
  </TestDefinitions>
  <TestLists>
    <TestList name="Results Not in a List" id="8c84fa94-04c1-424b-9868-57a2d4851a1d" />
    <TestList name="All Loaded Results" id="19431567-8539-422a-85d7-44ee4e166bda" />
  </TestLists>
  <TestEntries>
    <TestEntry testId="e7202eda-495c-ff8f-d6f4-17bfc9646df5" executionId="5f77278a-e247-45c0-859c-298c03407c9e" testListId="8c84fa94-04c1-424b-9868-57a2d4851a1d" />
  </TestEntries>
  <Results>
    <UnitTestResult executionId="5f77278a-e247-45c0-859c-298c03407c9e" testId="e7202eda-495c-ff8f-d6f4-17bfc9646df5" testName="Index" computerName="MIC5925" duration="00:00:17.0905353" startTime="2010-06-17T09:13:20.0936078-04:00" endTime="2010-06-17T09:13:55.6822818-04:00" testType="13cdc9d9-ddb5-4fa4-a97d-d965ccfc6d4b" outcome="Failed" testListId="8c84fa94-04c1-424b-9868-57a2d4851a1d">
      <Output>
        <ErrorInfo>
          <Message>Test method MatozDz.Tests.Controllers.MagasinsControllerTest.Index threw exception:  System.ArgumentNullException: Value cannot be null.
Parameter name: source.</Message>
          <StackTrace>    at System.Linq.Queryable.OrderBy[TSource,TKey](IQueryable`1 source, Expression`1 keySelector)
   at MatozDz.Controllers.MagasinsController.Index(Nullable`1 id) in D:\perso\PortableGit-1.7.0.2\MatozDz\MatozDz\Controllers\MagasinsController.cs:line 28
   at MatozDz.Tests.Controllers.MagasinsControllerTest.Index() in D:\perso\PortableGit-1.7.0.2\MatozDz\MatozDz.Tests\Controllers\MagasinsControllerTest.cs:line 66
</StackTrace>
        </ErrorInfo>
      </Output>
    </UnitTestResult>
  </Results>
</TestRun>