<?xml version="1.0" encoding="UTF-8"?>
<TestRun id="13f5cbfd-6762-48c3-b45c-e989b4100bee" name="dabed@MIC5925 2010-06-15 10:43:41" runUser="RUSSELL\dabed" xmlns="http://microsoft.com/schemas/VisualStudio/TeamTest/2006">
  <TestRunConfiguration name="Default Run Configuration" id="f65624bc-7872-491a-a096-5266510fbe50">
    <Deployment runDeploymentRoot="D:\perso\PortableGit-1.7.0.2\MatozDz\TestResults\dabed_MIC5925 2010-06-15 10_43_41">
      <DeploymentItem filename="D:\perso\PortableGit-1.7.0.2\MatozDz\MatozDz\bin\MatozDz.dll" />
      <DeploymentItem filename="D:\perso\PortableGit-1.7.0.2\MatozDz\MatozDz.Tests\Lib\Moq.dll" />
    </Deployment>
    <Hosts skipUnhostableTests="false" />
    <TestTypeSpecific />
  </TestRunConfiguration>
  <ResultSummary outcome="Completed">
    <Counters total="1" executed="1" passed="1" error="0" failed="0" timeout="0" aborted="0" inconclusive="0" passedButRunAborted="0" notRunnable="0" notExecuted="0" disconnected="0" warning="0" completed="0" inProgress="0" pending="0" />
  </ResultSummary>
  <Times creation="2010-06-15T10:43:41.3931716-04:00" queuing="2010-06-15T10:43:42.3000712-04:00" start="2010-06-15T10:43:42.4564332-04:00" finish="2010-06-15T10:43:43.5509672-04:00" />
  <TestDefinitions>
    <UnitTest name="Detail_Can_Handle_invalid_value" storage="d:\perso\portablegit-1.7.0.2\matozdz\matozdz.tests\bin\debug\matozdz.tests.dll" id="0eae54b2-9f54-aa5c-b20b-9a781f2d57d7">
      <Css projectStructure="" iteration="" />
      <Owners>
        <Owner name="" />
      </Owners>
      <Execution id="e30a0045-19b1-4e7f-83dd-560b0348cbc8" />
      <TestMethod codeBase="D:\perso\PortableGit-1.7.0.2\MatozDz\MatozDz.Tests\bin\Debug\MatozDz.Tests.dll" adapterTypeName="Microsoft.VisualStudio.TestTools.TestTypes.Unit.UnitTestAdapter, Microsoft.VisualStudio.QualityTools.Tips.UnitTest.Adapter, Version=9.0.0.0, Culture=neutral, PublicKeyToken=b03f5f7f11d50a3a" className="MatozDz.Tests.Controllers.MagasinsControllerTest, MatozDz.Tests" name="Detail_Can_Handle_invalid_value" />
    </UnitTest>
  </TestDefinitions>
  <TestLists>
    <TestList name="Results Not in a List" id="8c84fa94-04c1-424b-9868-57a2d4851a1d" />
    <TestList name="All Loaded Results" id="19431567-8539-422a-85d7-44ee4e166bda" />
  </TestLists>
  <TestEntries>
    <TestEntry testId="0eae54b2-9f54-aa5c-b20b-9a781f2d57d7" executionId="e30a0045-19b1-4e7f-83dd-560b0348cbc8" testListId="8c84fa94-04c1-424b-9868-57a2d4851a1d" />
  </TestEntries>
  <Results>
    <UnitTestResult executionId="e30a0045-19b1-4e7f-83dd-560b0348cbc8" testId="0eae54b2-9f54-aa5c-b20b-9a781f2d57d7" testName="Detail_Can_Handle_invalid_value" computerName="MIC5925" duration="00:00:00.3754999" startTime="2010-06-15T10:43:42.5033418-04:00" endTime="2010-06-15T10:43:43.5040586-04:00" testType="13cdc9d9-ddb5-4fa4-a97d-d965ccfc6d4b" outcome="Passed" testListId="8c84fa94-04c1-424b-9868-57a2d4851a1d">
      <Output>
      </Output>
    </UnitTestResult>
  </Results>
</TestRun>