<?xml version="1.0" encoding="UTF-8"?>
<TestRun id="949cb03f-4703-40bb-a4ec-a28f67fedcb3" name="dabed@MIC5925 2010-06-14 12:59:37" runUser="RUSSELL\dabed" xmlns="http://microsoft.com/schemas/VisualStudio/TeamTest/2006">
  <TestRunConfiguration name="Default Run Configuration" id="b3fae7c0-d845-42df-b256-32fa57dee55d">
    <Deployment runDeploymentRoot="D:\perso\PortableGit-1.7.0.2\MatozDz\TestResults\dabed_MIC5925 2010-06-14 12_59_37">
      <DeploymentItem filename="D:\perso\PortableGit-1.7.0.2\MatozDz\MatozDz\bin\MatozDz.dll" />
    </Deployment>
    <Hosts skipUnhostableTests="false" />
    <TestTypeSpecific />
  </TestRunConfiguration>
  <ResultSummary outcome="Failed">
    <Counters total="1" executed="1" error="0" failed="1" timeout="0" aborted="0" inconclusive="0" passedButRunAborted="0" notRunnable="0" notExecuted="0" disconnected="0" warning="0" passed="0" completed="0" inProgress="0" pending="0" />
  </ResultSummary>
  <Times creation="2010-06-14T12:59:37.7781298-04:00" queuing="2010-06-14T12:59:38.6535218-04:00" start="2010-06-14T12:59:38.7942098-04:00" finish="2010-06-14T12:59:40.1698258-04:00" />
  <TestDefinitions>
    <UnitTest name="Detail_Can_Handle_invalid_value" storage="d:\perso\portablegit-1.7.0.2\matozdz\matozdz.tests\bin\debug\matozdz.tests.dll" id="0eae54b2-9f54-aa5c-b20b-9a781f2d57d7">
      <Css projectStructure="" iteration="" />
      <Owners>
        <Owner name="" />
      </Owners>
      <Execution id="ee566abf-f770-4859-b4fa-b0b04b3027bb" />
      <TestMethod codeBase="D:\perso\PortableGit-1.7.0.2\MatozDz\MatozDz.Tests\bin\Debug\MatozDz.Tests.dll" adapterTypeName="Microsoft.VisualStudio.TestTools.TestTypes.Unit.UnitTestAdapter, Microsoft.VisualStudio.QualityTools.Tips.UnitTest.Adapter, Version=9.0.0.0, Culture=neutral, PublicKeyToken=b03f5f7f11d50a3a" className="MatozDz.Tests.Controllers.MagasinsControllerTest, MatozDz.Tests" name="Detail_Can_Handle_invalid_value" />
    </UnitTest>
  </TestDefinitions>
  <TestLists>
    <TestList name="Results Not in a List" id="8c84fa94-04c1-424b-9868-57a2d4851a1d" />
    <TestList name="All Loaded Results" id="19431567-8539-422a-85d7-44ee4e166bda" />
  </TestLists>
  <TestEntries>
    <TestEntry testId="0eae54b2-9f54-aa5c-b20b-9a781f2d57d7" executionId="ee566abf-f770-4859-b4fa-b0b04b3027bb" testListId="8c84fa94-04c1-424b-9868-57a2d4851a1d" />
  </TestEntries>
  <Results>
    <UnitTestResult executionId="ee566abf-f770-4859-b4fa-b0b04b3027bb" testId="0eae54b2-9f54-aa5c-b20b-9a781f2d57d7" testName="Detail_Can_Handle_invalid_value" computerName="MIC5925" duration="00:00:00.7232281" startTime="2010-06-14T12:59:38.8411058-04:00" endTime="2010-06-14T12:59:39.9978738-04:00" testType="13cdc9d9-ddb5-4fa4-a97d-d965ccfc6d4b" outcome="Failed" testListId="8c84fa94-04c1-424b-9868-57a2d4851a1d">
      <Output>
        <ErrorInfo>
          <Message>Assert.AreEqual failed. Expected:&lt;Detail&gt;. Actual:&lt;&gt;. </Message>
          <StackTrace>   at MatozDz.Tests.Controllers.MagasinsControllerTest.Detail_Can_Handle_invalid_value() in D:\perso\PortableGit-1.7.0.2\MatozDz\MatozDz.Tests\Controllers\MagasinsControllerTest.cs:line 37
</StackTrace>
        </ErrorInfo>
      </Output>
    </UnitTestResult>
  </Results>
</TestRun>